c:\users\marius\desktop\graphics year 3 new\tutorial7 - demo3 - framebuffer objects (fbos)\opengl\x64\debug\vc141.pdb
c:\users\marius\desktop\graphics year 3 new\tutorial7 - demo3 - framebuffer objects (fbos)\opengl\x64\debug\vc141.idb
c:\users\marius\desktop\graphics year 3 new\tutorial7 - demo3 - framebuffer objects (fbos)\opengl\x64\debug\source.obj
c:\users\marius\desktop\graphics year 3 new\tutorial7 - demo3 - framebuffer objects (fbos)\opengl\x64\debug\earthscene.obj
c:\users\marius\desktop\graphics year 3 new\tutorial7 - demo3 - framebuffer objects (fbos)\opengl\x64\debug\timer.obj
c:\users\marius\desktop\graphics year 3 new\tutorial7 - demo3 - framebuffer objects (fbos)\opengl\x64\debug\textureloader.obj
c:\users\marius\desktop\graphics year 3 new\tutorial7 - demo3 - framebuffer objects (fbos)\opengl\x64\debug\texturedquad.obj
c:\users\marius\desktop\graphics year 3 new\tutorial7 - demo3 - framebuffer objects (fbos)\opengl\x64\debug\sphere.obj
c:\users\marius\desktop\graphics year 3 new\tutorial7 - demo3 - framebuffer objects (fbos)\opengl\x64\debug\shaderloader.obj
c:\users\marius\desktop\graphics year 3 new\tutorial7 - demo3 - framebuffer objects (fbos)\opengl\x64\debug\principleaxes.obj
c:\users\marius\desktop\graphics year 3 new\tutorial7 - demo3 - framebuffer objects (fbos)\opengl\x64\debug\model.obj
c:\users\marius\desktop\graphics year 3 new\tutorial7 - demo3 - framebuffer objects (fbos)\opengl\x64\debug\mesh.obj
c:\users\marius\desktop\graphics year 3 new\tutorial7 - demo3 - framebuffer objects (fbos)\opengl\x64\debug\circle.obj
c:\users\marius\desktop\graphics year 3 new\tutorial7 - demo3 - framebuffer objects (fbos)\opengl\x64\debug\camera.obj
c:\users\marius\desktop\graphics year 3 new\tutorial7 - demo3 - framebuffer objects (fbos)\opengl\x64\debug\glad.obj
c:\users\marius\desktop\graphics year 3 new\tutorial7 - demo3 - framebuffer objects (fbos)\x64\debug\opengl.ilk
c:\users\marius\desktop\graphics year 3 new\tutorial7 - demo3 - framebuffer objects (fbos)\x64\debug\opengl.exe
c:\users\marius\desktop\graphics year 3 new\tutorial7 - demo3 - framebuffer objects (fbos)\x64\debug\opengl.pdb
c:\users\marius\desktop\graphics year 3 new\tutorial7 - demo3 - framebuffer objects (fbos)\opengl\x64\debug\opengl.tlog\cl.command.1.tlog
c:\users\marius\desktop\graphics year 3 new\tutorial7 - demo3 - framebuffer objects (fbos)\opengl\x64\debug\opengl.tlog\cl.read.1.tlog
c:\users\marius\desktop\graphics year 3 new\tutorial7 - demo3 - framebuffer objects (fbos)\opengl\x64\debug\opengl.tlog\cl.write.1.tlog
c:\users\marius\desktop\graphics year 3 new\tutorial7 - demo3 - framebuffer objects (fbos)\opengl\x64\debug\opengl.tlog\link.command.1.tlog
c:\users\marius\desktop\graphics year 3 new\tutorial7 - demo3 - framebuffer objects (fbos)\opengl\x64\debug\opengl.tlog\link.read.1.tlog
c:\users\marius\desktop\graphics year 3 new\tutorial7 - demo3 - framebuffer objects (fbos)\opengl\x64\debug\opengl.tlog\link.write.1.tlog
